[20, 101, 2]

+----------------------------------------------------------------------+
|   ===================                                                |
|   SURFACE CALCULATION                                                |
|   ===================                                                |
|   starting at 2020-02-12 16:31:58,458                                |
|   running Z2Pack version 2.1.1                                       |
|                                                                      |
|   gap_tol:            0.3                                            |
|   init_result:        None                                           |
|   iterator:           range(20, 101, 2)                              |
|   load:               True                                           |
|   load_quiet:         True                                           |
|   min_neighbour_dist: 1e-10                                          |
|   move_tol:           0.3                                            |
|   num_lines:          101                                            |
|   pos_tol:            0.01                                           |
|   save_file:          ./res.json                                     |
|   serializer:         auto                                           |
|   surface:            <function <lambda> at 0x7f0288a86680>          |
|   system:             <z2pack.hm.System object at 0x7f029cf157d0>    |
+----------------------------------------------------------------------+

INFO: Adding lines required by 'num_lines'.
INFO: Adding line at t = 0.0
INFO:       Calculating line for N = 20
INFO:       Calculating line for N = 22
INFO: Adding line at t = 0.01
INFO:       Calculating line for N = 20
INFO:       Calculating line for N = 22
INFO: Saving surface result to file ./res.json (ASYNC)
INFO: Adding line at t = 0.02
INFO:       Calculating line for N = 20
INFO:       Calculating line for N = 22
INFO: Adding line at t = 0.03
INFO:       Calculating line for N = 20
INFO: Saving surface result to file ./res.json (ASYNC)
INFO:       Calculating line for N = 22
INFO: Adding line at t = 0.04
INFO:       Calculating line for N = 20
INFO:       Calculating line for N = 22
INFO: Adding line at t = 0.05
INFO:       Calculating line for N = 20
INFO: Saving surface result to file ./res.json (ASYNC)
INFO:       Calculating line for N = 22
INFO:       Calculating line for N = 24
INFO: Adding line at t = 0.06
INFO:       Calculating line for N = 20
INFO:       Calculating line for N = 22
INFO:       Calculating line for N = 24
INFO: Saving surface result to file ./res.json (ASYNC)
INFO:       Calculating line for N = 26
INFO: Adding line at t = 0.07
INFO:       Calculating line for N = 20
INFO:       Calculating line for N = 22
INFO: Saving surface result to file ./res.json (ASYNC)
INFO:       Calculating line for N = 24
INFO:       Calculating line for N = 26
INFO: Adding line at t = 0.08
INFO:       Calculating line for N = 20
INFO:       Calculating line for N = 22
INFO: Saving surface result to file ./res.json (ASYNC)
INFO:       Calculating line for N = 24
INFO: Adding line at t = 0.09
INFO:       Calculating line for N = 20
INFO:       Calculating line for N = 22
INFO:       Calculating line for N = 24
INFO: Saving surface result to file ./res.json (ASYNC)
INFO: Adding line at t = 0.1
INFO:       Calculating line for N = 20
INFO:       Calculating line for N = 22
INFO: Saving surface result to file ./res.json (ASYNC)
INFO: Adding line at t = 0.11
INFO:       Calculating line for N = 20
INFO:       Calculating line for N = 22
INFO: Adding line at t = 0.12
INFO:       Calculating line for N = 20
INFO: Saving surface result to file ./res.json (ASYNC)
INFO:       Calculating line for N = 22
INFO: Adding line at t = 0.13
INFO:       Calculating line for N = 20
INFO:       Calculating line for N = 22
INFO: Saving surface result to file ./res.json (ASYNC)
INFO: Adding line at t = 0.14
INFO:       Calculating line for N = 20
INFO:       Calculating line for N = 22
INFO: Adding line at t = 0.15
INFO:       Calculating line for N = 20
INFO: Saving surface result to file ./res.json (ASYNC)
INFO:       Calculating line for N = 22
INFO: Adding line at t = 0.16
INFO:       Calculating line for N = 20
INFO:       Calculating line for N = 22
INFO: Saving surface result to file ./res.json (ASYNC)
INFO: Adding line at t = 0.17
INFO:       Calculating line for N = 20
INFO:       Calculating line for N = 22
INFO: Adding line at t = 0.18
INFO:       Calculating line for N = 20
INFO:       Calculating line for N = 22
INFO: Saving surface result to file ./res.json (ASYNC)
INFO: Adding line at t = 0.19
INFO:       Calculating line for N = 20
INFO:       Calculating line for N = 22
INFO: Adding line at t = 0.2
INFO:       Calculating line for N = 20
INFO:       Calculating line for N = 22
INFO: Saving surface result to file ./res.json (ASYNC)
INFO: Adding line at t = 0.21
INFO:       Calculating line for N = 20
INFO:       Calculating line for N = 22
INFO: Adding line at t = 0.22
INFO:       Calculating line for N = 20
INFO:       Calculating line for N = 22
INFO: Adding line at t = 0.23
INFO:       Calculating line for N = 20
INFO: Saving surface result to file ./res.json (ASYNC)
INFO:       Calculating line for N = 22
INFO: Adding line at t = 0.24
INFO:       Calculating line for N = 20
INFO:       Calculating line for N = 22
INFO: Adding line at t = 0.25
INFO:       Calculating line for N = 20
INFO:       Calculating line for N = 22
INFO: Adding line at t = 0.26
INFO:       Calculating line for N = 20
INFO: Saving surface result to file ./res.json (ASYNC)
INFO:       Calculating line for N = 22
INFO: Adding line at t = 0.27
INFO:       Calculating line for N = 20
INFO:       Calculating line for N = 22
INFO: Adding line at t = 0.28
INFO:       Calculating line for N = 20
INFO:       Calculating line for N = 22
INFO: Saving surface result to file ./res.json (ASYNC)
INFO: Adding line at t = 0.29
INFO:       Calculating line for N = 20
INFO:       Calculating line for N = 22
INFO: Adding line at t = 0.3
INFO:       Calculating line for N = 20
INFO:       Calculating line for N = 22
INFO: Adding line at t = 0.31
INFO:       Calculating line for N = 20
INFO:       Calculating line for N = 22
INFO: Adding line at t = 0.32
INFO:       Calculating line for N = 20
INFO: Saving surface result to file ./res.json (ASYNC)
INFO:       Calculating line for N = 22
INFO: Adding line at t = 0.33
INFO:       Calculating line for N = 20
INFO:       Calculating line for N = 22
INFO: Adding line at t = 0.34
INFO:       Calculating line for N = 20
INFO:       Calculating line for N = 22
INFO: Adding line at t = 0.35000000000000003
INFO:       Calculating line for N = 20
INFO:       Calculating line for N = 22
INFO: Saving surface result to file ./res.json (ASYNC)
INFO: Adding line at t = 0.36
INFO:       Calculating line for N = 20
INFO:       Calculating line for N = 22
INFO: Adding line at t = 0.37
INFO:       Calculating line for N = 20
INFO:       Calculating line for N = 22
INFO: Adding line at t = 0.38
INFO:       Calculating line for N = 20
INFO:       Calculating line for N = 22
INFO: Saving surface result to file ./res.json (ASYNC)
INFO: Adding line at t = 0.39
INFO:       Calculating line for N = 20
INFO:       Calculating line for N = 22
INFO: Adding line at t = 0.4
INFO:       Calculating line for N = 20
INFO:       Calculating line for N = 22
INFO: Adding line at t = 0.41000000000000003
INFO:       Calculating line for N = 20
INFO:       Calculating line for N = 22
INFO: Adding line at t = 0.42
INFO:       Calculating line for N = 20
INFO:       Calculating line for N = 22
INFO: Saving surface result to file ./res.json (ASYNC)
INFO: Adding line at t = 0.43
INFO:       Calculating line for N = 20
INFO:       Calculating line for N = 22
INFO: Adding line at t = 0.44
INFO:       Calculating line for N = 20
INFO:       Calculating line for N = 22
INFO: Adding line at t = 0.45
INFO:       Calculating line for N = 20
INFO:       Calculating line for N = 22
INFO: Adding line at t = 0.46
INFO:       Calculating line for N = 20
INFO:       Calculating line for N = 22
INFO: Saving surface result to file ./res.json (ASYNC)
INFO: Adding line at t = 0.47000000000000003
INFO:       Calculating line for N = 20
INFO:       Calculating line for N = 22
INFO: Adding line at t = 0.48
INFO:       Calculating line for N = 20
INFO:       Calculating line for N = 22
INFO: Adding line at t = 0.49
INFO:       Calculating line for N = 20
INFO:       Calculating line for N = 22
INFO: Adding line at t = 0.5
INFO:       Calculating line for N = 20
INFO:       Calculating line for N = 22
INFO: Adding line at t = 0.51
INFO:       Calculating line for N = 20
INFO: Saving surface result to file ./res.json (ASYNC)
INFO:       Calculating line for N = 22
INFO: Adding line at t = 0.52
INFO:       Calculating line for N = 20
INFO:       Calculating line for N = 22
INFO: Adding line at t = 0.53
INFO:       Calculating line for N = 20
INFO:       Calculating line for N = 22
INFO: Adding line at t = 0.54
INFO:       Calculating line for N = 20
INFO:       Calculating line for N = 22
INFO: Adding line at t = 0.55
INFO:       Calculating line for N = 20
INFO: Saving surface result to file ./res.json (ASYNC)
INFO:       Calculating line for N = 22
INFO: Adding line at t = 0.56
INFO:       Calculating line for N = 20
INFO:       Calculating line for N = 22
INFO: Adding line at t = 0.5700000000000001
INFO:       Calculating line for N = 20
INFO:       Calculating line for N = 22
INFO: Adding line at t = 0.58
INFO:       Calculating line for N = 20
INFO:       Calculating line for N = 22
INFO: Adding line at t = 0.59
INFO:       Calculating line for N = 20
INFO:       Calculating line for N = 22
INFO: Adding line at t = 0.6
INFO: Saving surface result to file ./res.json (ASYNC)
INFO:       Calculating line for N = 20
INFO:       Calculating line for N = 22
INFO: Adding line at t = 0.61
INFO:       Calculating line for N = 20
INFO:       Calculating line for N = 22
INFO: Adding line at t = 0.62
INFO:       Calculating line for N = 20
INFO:       Calculating line for N = 22
INFO: Adding line at t = 0.63
INFO:       Calculating line for N = 20
INFO:       Calculating line for N = 22
INFO: Adding line at t = 0.64
INFO:       Calculating line for N = 20
INFO:       Calculating line for N = 22
INFO: Adding line at t = 0.65
INFO:       Calculating line for N = 20
INFO:       Calculating line for N = 22
INFO: Adding line at t = 0.66
INFO:       Calculating line for N = 20
INFO:       Calculating line for N = 22
INFO: Saving surface result to file ./res.json (ASYNC)
INFO: Adding line at t = 0.67
INFO:       Calculating line for N = 20
INFO:       Calculating line for N = 22
INFO: Adding line at t = 0.68
INFO:       Calculating line for N = 20
INFO:       Calculating line for N = 22
INFO: Adding line at t = 0.6900000000000001
INFO:       Calculating line for N = 20
INFO:       Calculating line for N = 22
INFO: Adding line at t = 0.7000000000000001
INFO:       Calculating line for N = 20
INFO:       Calculating line for N = 22
INFO: Adding line at t = 0.71
INFO:       Calculating line for N = 20
INFO:       Calculating line for N = 22
INFO: Adding line at t = 0.72
INFO:       Calculating line for N = 20
INFO:       Calculating line for N = 22
INFO: Saving surface result to file ./res.json (ASYNC)
INFO: Adding line at t = 0.73
INFO:       Calculating line for N = 20
INFO:       Calculating line for N = 22
INFO: Adding line at t = 0.74
INFO:       Calculating line for N = 20
INFO:       Calculating line for N = 22
INFO: Adding line at t = 0.75
INFO:       Calculating line for N = 20
INFO:       Calculating line for N = 22
INFO: Adding line at t = 0.76
INFO:       Calculating line for N = 20
INFO:       Calculating line for N = 22
INFO: Adding line at t = 0.77
INFO:       Calculating line for N = 20
INFO:       Calculating line for N = 22
INFO: Adding line at t = 0.78
INFO:       Calculating line for N = 20
INFO:       Calculating line for N = 22
INFO: Adding line at t = 0.79
INFO:       Calculating line for N = 20
INFO:       Calculating line for N = 22
INFO: Saving surface result to file ./res.json (ASYNC)
INFO: Adding line at t = 0.8
INFO:       Calculating line for N = 20
INFO:       Calculating line for N = 22
INFO: Adding line at t = 0.81
INFO:       Calculating line for N = 20
INFO:       Calculating line for N = 22
INFO: Adding line at t = 0.8200000000000001
INFO:       Calculating line for N = 20
INFO:       Calculating line for N = 22
INFO: Adding line at t = 0.8300000000000001
INFO:       Calculating line for N = 20
INFO:       Calculating line for N = 22
INFO: Adding line at t = 0.84
INFO:       Calculating line for N = 20
INFO:       Calculating line for N = 22
INFO: Adding line at t = 0.85
INFO:       Calculating line for N = 20
INFO:       Calculating line for N = 22
INFO: Adding line at t = 0.86
INFO:       Calculating line for N = 20
INFO: Saving surface result to file ./res.json (ASYNC)
INFO:       Calculating line for N = 22
INFO: Adding line at t = 0.87
INFO:       Calculating line for N = 20
INFO:       Calculating line for N = 22
INFO: Adding line at t = 0.88
INFO:       Calculating line for N = 20
INFO:       Calculating line for N = 22
INFO: Adding line at t = 0.89
INFO:       Calculating line for N = 20
INFO:       Calculating line for N = 22
INFO: Adding line at t = 0.9
INFO:       Calculating line for N = 20
INFO:       Calculating line for N = 22
INFO: Adding line at t = 0.91
INFO:       Calculating line for N = 20
INFO:       Calculating line for N = 22
INFO: Adding line at t = 0.92
INFO:       Calculating line for N = 20
INFO:       Calculating line for N = 22
INFO: Adding line at t = 0.93
INFO:       Calculating line for N = 20
INFO:       Calculating line for N = 22
INFO: Saving surface result to file ./res.json (ASYNC)
INFO: Adding line at t = 0.9400000000000001
INFO:       Calculating line for N = 20
INFO:       Calculating line for N = 22
INFO: Adding line at t = 0.9500000000000001
INFO:       Calculating line for N = 20
INFO:       Calculating line for N = 22
INFO: Adding line at t = 0.96
INFO:       Calculating line for N = 20
INFO:       Calculating line for N = 22
INFO: Adding line at t = 0.97
INFO:       Calculating line for N = 20
INFO:       Calculating line for N = 22
INFO: Adding line at t = 0.98
INFO:       Calculating line for N = 20
INFO:       Calculating line for N = 22
INFO: Adding line at t = 0.99
INFO:       Calculating line for N = 20
INFO:       Calculating line for N = 22
INFO: Adding line at t = 1.0
INFO:       Calculating line for N = 20
INFO:       Calculating line for N = 22
INFO: Convergence criteria fulfilled for 100 of 100 neighbouring lines.
INFO: Saving surface result to file ./res.json (ASYNC)

+----------------------------------------------------------------------+
|                   Calculation finished in 0h 7m 9s                   |
+----------------------------------------------------------------------+

+----------------------------------------------------------------------+
|                        ==================                            |
|                        CONVERGENCE REPORT                            |
|                        ==================                            |
|                                                                      |
|                        Line Convergence                              |
|                        ================                              |
|                                                                      |
|                            PosCheck                                  |
|                            --------                                  |
|                            PASSED: 101 of 101                        |
|                                                                      |
|                        Surface Convergence                           |
|                        ===================                           |
|                                                                      |
|                            GapCheck                                  |
|                            --------                                  |
|                            PASSED: 100 of 100                        |
|                                                                      |
|                            MoveCheck                                 |
|                            ---------                                 |
|                            PASSED: 100 of 100                        |
+----------------------------------------------------------------------+

Z2 topological invariant: 1
